c:\users\user\source\repos\c_pointer\debug\vc143.pdb
c:\users\user\source\repos\c_pointer\debug\vc143.idb
c:\users\user\source\repos\c_pointer\debug\p59.obj
c:\users\user\source\repos\c_pointer\debug\p58.obj
c:\users\user\source\repos\c_pointer\debug\p51.obj
c:\users\user\source\repos\c_pointer\debug\p51-1.obj
c:\users\user\source\repos\c_pointer\debug\p48.obj
c:\users\user\source\repos\c_pointer\debug\p46.obj
c:\users\user\source\repos\c_pointer\debug\p57-1.obj
c:\users\user\source\repos\c_pointer\debug\p60.obj
c:\users\user\source\repos\c_pointer\debug\c_pointer.exe
c:\users\user\source\repos\c_pointer\debug\c_pointer.ilk
c:\users\user\source\repos\c_pointer\debug\c_pointer.pdb
c:\users\user\source\repos\c_pointer\debug\p57_1.obj
c:\users\user\source\repos\c_pointer\debug\c_pointer.tlog\cl.command.1.tlog
c:\users\user\source\repos\c_pointer\debug\c_pointer.tlog\cl.items.tlog
c:\users\user\source\repos\c_pointer\debug\c_pointer.tlog\cl.read.1.tlog
c:\users\user\source\repos\c_pointer\debug\c_pointer.tlog\cl.write.1.tlog
c:\users\user\source\repos\c_pointer\debug\c_pointer.tlog\link.command.1.tlog
c:\users\user\source\repos\c_pointer\debug\c_pointer.tlog\link.read.1.tlog
c:\users\user\source\repos\c_pointer\debug\c_pointer.tlog\link.write.1.tlog
